time_planer/build/app/intermediates/manifest_merge_blame_file/release/manifest-merger-blame-release-report.txt
1<?xml version="1.0" encoding="utf-8"?>
2<manifest xmlns:android="http://schemas.android.com/apk/res/android"
3    package="com.example.time_planer"
4    android:versionCode="1"
5    android:versionName="1.0.0" >
6
7    <uses-sdk
8        android:minSdkVersion="21"
8-->src\main\AndroidManifest.xml
9        android:targetSdkVersion="34" />
9-->src\main\AndroidManifest.xml
10    <!--
11         Required to query activities that can process text, see:
12         https://developer.android.com/training/package-visibility and
13         https://developer.android.com/reference/android/content/Intent#ACTION_PROCESS_TEXT.
14
15         In particular, this is used by the Flutter engine in io.flutter.plugin.text.ProcessTextPlugin.
16    -->
17    <queries>
17-->src\main\AndroidManifest.xml:39:5-44:15
18        <intent>
18-->src\main\AndroidManifest.xml:40:9-43:18
19            <action android:name="android.intent.action.PROCESS_TEXT" />
19-->src\main\AndroidManifest.xml:41:13-72
19-->src\main\AndroidManifest.xml:41:21-70
20
21            <data android:mimeType="text/plain" />
21-->src\main\AndroidManifest.xml:42:13-50
21-->src\main\AndroidManifest.xml:42:19-48
22        </intent>
23    </queries>
24
25    <uses-permission android:name="android.permission.RECEIVE_BOOT_COMPLETED" />
25-->[:flutter_local_notifications] AndroidManifest.xml:9:5-81
25-->[:flutter_local_notifications] AndroidManifest.xml:9:22-78
26    <uses-permission android:name="android.permission.VIBRATE" />
26-->[:flutter_local_notifications] AndroidManifest.xml:10:5-66
26-->[:flutter_local_notifications] AndroidManifest.xml:10:22-63
27    <uses-permission android:name="android.permission.USE_FULL_SCREEN_INTENT" />
27-->[:flutter_local_notifications] AndroidManifest.xml:11:5-81
27-->[:flutter_local_notifications] AndroidManifest.xml:11:22-78
28    <uses-permission android:name="android.permission.SCHEDULE_EXACT_ALARM" />
28-->[:flutter_local_notifications] AndroidManifest.xml:12:5-79
28-->[:flutter_local_notifications] AndroidManifest.xml:12:22-76
29    <uses-permission android:name="android.permission.POST_NOTIFICATIONS" />
29-->[:flutter_local_notifications] AndroidManifest.xml:13:5-77
29-->[:flutter_local_notifications] AndroidManifest.xml:13:22-74
30
31    <application
32        android:name="android.app.Application"
32-->src\main\AndroidManifest.xml:4:9-42
33        android:appComponentFactory="androidx.core.app.CoreComponentFactory"
33-->[androidx.core:core:1.6.0] AndroidManifest.xml:24:18-86
34        android:icon="@mipmap/ic_launcher"
34-->src\main\AndroidManifest.xml:5:9-43
35        android:label="time_planer" >
35-->src\main\AndroidManifest.xml:3:9-36
36        <activity
36-->src\main\AndroidManifest.xml:6:9-27:20
37            android:name="com.example.time_planer.MainActivity"
37-->src\main\AndroidManifest.xml:7:13-41
38            android:configChanges="orientation|keyboardHidden|keyboard|screenSize|smallestScreenSize|locale|layoutDirection|fontScale|screenLayout|density|uiMode"
38-->src\main\AndroidManifest.xml:12:13-163
39            android:exported="true"
39-->src\main\AndroidManifest.xml:8:13-36
40            android:hardwareAccelerated="true"
40-->src\main\AndroidManifest.xml:13:13-47
41            android:launchMode="singleTop"
41-->src\main\AndroidManifest.xml:9:13-43
42            android:taskAffinity=""
42-->src\main\AndroidManifest.xml:10:13-36
43            android:theme="@style/LaunchTheme"
43-->src\main\AndroidManifest.xml:11:13-47
44            android:windowSoftInputMode="adjustResize" >
44-->src\main\AndroidManifest.xml:14:13-55
45
46            <!--
47                 Specifies an Android theme to apply to this Activity as soon as
48                 the Android process has started. This theme is visible to the user
49                 while the Flutter UI initializes. After that, this theme continues
50                 to determine the Window background behind the Flutter UI.
51            -->
52            <meta-data
52-->src\main\AndroidManifest.xml:19:13-22:17
53                android:name="io.flutter.embedding.android.NormalTheme"
53-->src\main\AndroidManifest.xml:20:15-70
54                android:resource="@style/NormalTheme" />
54-->src\main\AndroidManifest.xml:21:15-52
55
56            <intent-filter>
56-->src\main\AndroidManifest.xml:23:13-26:29
57                <action android:name="android.intent.action.MAIN" />
57-->src\main\AndroidManifest.xml:24:17-68
57-->src\main\AndroidManifest.xml:24:25-66
58
59                <category android:name="android.intent.category.LAUNCHER" />
59-->src\main\AndroidManifest.xml:25:17-76
59-->src\main\AndroidManifest.xml:25:27-74
60            </intent-filter>
61        </activity>
62        <!--
63             Don't delete the meta-data below.
64             This is used by the Flutter tool to generate GeneratedPluginRegistrant.java
65        -->
66        <meta-data
66-->src\main\AndroidManifest.xml:30:9-32:33
67            android:name="flutterEmbedding"
67-->src\main\AndroidManifest.xml:31:13-44
68            android:value="2" />
68-->src\main\AndroidManifest.xml:32:13-30
69
70        <receiver
70-->[:flutter_local_notifications] AndroidManifest.xml:16:9-18:40
71            android:name="com.dexterous.flutterlocalnotifications.ScheduledNotificationReceiver"
71-->[:flutter_local_notifications] AndroidManifest.xml:17:13-97
72            android:exported="false" />
72-->[:flutter_local_notifications] AndroidManifest.xml:18:13-37
73        <receiver
73-->[:flutter_local_notifications] AndroidManifest.xml:19:9-28:20
74            android:name="com.dexterous.flutterlocalnotifications.ScheduledNotificationBootReceiver"
74-->[:flutter_local_notifications] AndroidManifest.xml:20:13-101
75            android:exported="false" >
75-->[:flutter_local_notifications] AndroidManifest.xml:21:13-37
76            <intent-filter>
76-->[:flutter_local_notifications] AndroidManifest.xml:22:13-27:29
77                <action android:name="android.intent.action.BOOT_COMPLETED" />
77-->[:flutter_local_notifications] AndroidManifest.xml:23:17-79
77-->[:flutter_local_notifications] AndroidManifest.xml:23:25-76
78                <action android:name="android.intent.action.MY_PACKAGE_REPLACED" />
78-->[:flutter_local_notifications] AndroidManifest.xml:24:17-84
78-->[:flutter_local_notifications] AndroidManifest.xml:24:25-81
79                <action android:name="android.intent.action.QUICKBOOT_POWERON" />
79-->[:flutter_local_notifications] AndroidManifest.xml:25:17-82
79-->[:flutter_local_notifications] AndroidManifest.xml:25:25-79
80                <action android:name="com.htc.intent.action.QUICKBOOT_POWERON" />
80-->[:flutter_local_notifications] AndroidManifest.xml:26:17-82
80-->[:flutter_local_notifications] AndroidManifest.xml:26:25-79
81            </intent-filter>
82        </receiver>
83
84        <uses-library
84-->[androidx.window:window:1.0.0-beta04] AndroidManifest.xml:25:9-27:40
85            android:name="androidx.window.extensions"
85-->[androidx.window:window:1.0.0-beta04] AndroidManifest.xml:26:13-54
86            android:required="false" />
86-->[androidx.window:window:1.0.0-beta04] AndroidManifest.xml:27:13-37
87        <uses-library
87-->[androidx.window:window:1.0.0-beta04] AndroidManifest.xml:28:9-30:40
88            android:name="androidx.window.sidecar"
88-->[androidx.window:window:1.0.0-beta04] AndroidManifest.xml:29:13-51
89            android:required="false" />
89-->[androidx.window:window:1.0.0-beta04] AndroidManifest.xml:30:13-37
90    </application>
91
92</manifest>